<?xml version="1.0" encoding="UTF-8"?>
<coverage generated="1651521540357" clover="3.2.0">
  <project timestamp="1651521540357" name="All files">
    <metrics statements="55" coveredstatements="51" conditionals="21" coveredconditionals="19" methods="8" coveredmethods="8" elements="84" coveredelements="78" complexity="0" loc="55" ncloc="55" packages="1" files="3" classes="3"/>
    <file name="get-file-content.js" path="/Volumes/Data/Dev_Projects/Hexlet/gendiff/frontend-project-lvl2/src/get-file-content.js">
      <metrics statements="5" coveredstatements="3" conditionals="0" coveredconditionals="0" methods="1" coveredmethods="1"/>
      <line num="4" count="1" type="stmt"/>
      <line num="5" count="6" type="stmt"/>
      <line num="6" count="6" type="stmt"/>
      <line num="8" count="0" type="stmt"/>
      <line num="9" count="0" type="stmt"/>
    </file>
    <file name="index.js" path="/Volumes/Data/Dev_Projects/Hexlet/gendiff/frontend-project-lvl2/src/index.js">
      <metrics statements="44" coveredstatements="43" conditionals="15" coveredconditionals="14" methods="6" coveredmethods="6"/>
      <line num="6" count="1" type="stmt"/>
      <line num="7" count="3" type="stmt"/>
      <line num="8" count="3" type="stmt"/>
      <line num="9" count="3" type="stmt"/>
      <line num="10" count="3" type="stmt"/>
      <line num="11" count="3" type="stmt"/>
      <line num="12" count="14" type="cond" truecount="2" falsecount="0"/>
      <line num="13" count="3" type="stmt"/>
      <line num="14" count="11" type="cond" truecount="2" falsecount="0"/>
      <line num="15" count="5" type="stmt"/>
      <line num="16" count="6" type="cond" truecount="2" falsecount="0"/>
      <line num="17" count="4" type="stmt"/>
      <line num="19" count="2" type="stmt"/>
      <line num="23" count="3" type="stmt"/>
      <line num="26" count="1" type="stmt"/>
      <line num="27" count="1" type="stmt"/>
      <line num="29" count="1" type="stmt"/>
      <line num="30" count="3" type="stmt"/>
      <line num="31" count="17" type="cond" truecount="2" falsecount="0"/>
      <line num="32" count="12" type="stmt"/>
      <line num="34" count="5" type="stmt"/>
      <line num="35" count="5" type="stmt"/>
      <line num="36" count="5" type="stmt"/>
      <line num="37" count="5" type="stmt"/>
      <line num="40" count="18" type="cond" truecount="2" falsecount="0"/>
      <line num="41" count="4" type="stmt"/>
      <line num="46" count="14" type="stmt"/>
      <line num="48" count="5" type="stmt"/>
      <line num="55" count="3" type="stmt"/>
      <line num="58" count="1" type="stmt"/>
      <line num="59" count="14" type="cond" truecount="4" falsecount="1"/>
      <line num="61" count="3" type="stmt"/>
      <line num="63" count="5" type="stmt"/>
      <line num="65" count="0" type="stmt"/>
      <line num="67" count="2" type="stmt"/>
      <line num="69" count="4" type="stmt"/>
      <line num="73" count="1" type="stmt"/>
      <line num="74" count="3" type="stmt"/>
      <line num="75" count="3" type="stmt"/>
      <line num="77" count="3" type="stmt"/>
      <line num="78" count="3" type="stmt"/>
      <line num="80" count="3" type="stmt"/>
      <line num="81" count="3" type="stmt"/>
      <line num="82" count="3" type="stmt"/>
    </file>
    <file name="parsers.js" path="/Volumes/Data/Dev_Projects/Hexlet/gendiff/frontend-project-lvl2/src/parsers.js">
      <metrics statements="6" coveredstatements="5" conditionals="6" coveredconditionals="5" methods="1" coveredmethods="1"/>
      <line num="3" count="1" type="stmt"/>
      <line num="4" count="6" type="cond" truecount="2" falsecount="0"/>
      <line num="5" count="4" type="stmt"/>
      <line num="6" count="2" type="cond" truecount="3" falsecount="1"/>
      <line num="7" count="2" type="stmt"/>
      <line num="9" count="0" type="stmt"/>
    </file>
  </project>
</coverage>
