{"/Volumes/Data/Dev_Projects/Hexlet/gendiff/frontend-project-lvl2/src/get-file-content.js": {"path":"/Volumes/Data/Dev_Projects/Hexlet/gendiff/frontend-project-lvl2/src/get-file-content.js","statementMap":{"0":{"start":{"line":4,"column":30},"end":{"line":11,"column":1}},"1":{"start":{"line":5,"column":4},"end":{"line":10,"column":5}},"2":{"start":{"line":6,"column":8},"end":{"line":6,"column":58}},"3":{"start":{"line":8,"column":8},"end":{"line":8,"column":27}},"4":{"start":{"line":9,"column":8},"end":{"line":9,"column":54}}},"fnMap":{"0":{"name":"(anonymous_0)","decl":{"start":{"line":4,"column":30},"end":{"line":4,"column":31}},"loc":{"start":{"line":4,"column":44},"end":{"line":11,"column":1}},"line":4}},"branchMap":{},"s":{"0":1,"1":6,"2":6,"3":0,"4":0},"f":{"0":6},"b":{},"inputSourceMap":null,"_coverageSchema":"1a1c01bbd47fc00a2c39e90264f33305004495a9","hash":"01eca57bca1f3ca6f8de73e508c8d841ede3d92e"}
,"/Volumes/Data/Dev_Projects/Hexlet/gendiff/frontend-project-lvl2/src/index.js": {"path":"/Volumes/Data/Dev_Projects/Hexlet/gendiff/frontend-project-lvl2/src/index.js","statementMap":{"0":{"start":{"line":7,"column":25},"end":{"line":25,"column":1}},"1":{"start":{"line":8,"column":16},"end":{"line":8,"column":34}},"2":{"start":{"line":9,"column":16},"end":{"line":9,"column":34}},"3":{"start":{"line":10,"column":15},"end":{"line":10,"column":46}},"4":{"start":{"line":11,"column":17},"end":{"line":11,"column":19}},"5":{"start":{"line":12,"column":2},"end":{"line":22,"column":3}},"6":{"start":{"line":13,"column":4},"end":{"line":21,"column":5}},"7":{"start":{"line":14,"column":6},"end":{"line":14,"column":55}},"8":{"start":{"line":15,"column":11},"end":{"line":21,"column":5}},"9":{"start":{"line":16,"column":6},"end":{"line":16,"column":58}},"10":{"start":{"line":17,"column":11},"end":{"line":21,"column":5}},"11":{"start":{"line":18,"column":6},"end":{"line":18,"column":71}},"12":{"start":{"line":20,"column":6},"end":{"line":20,"column":59}},"13":{"start":{"line":24,"column":2},"end":{"line":24,"column":16}},"14":{"start":{"line":27,"column":17},"end":{"line":37,"column":1}},"15":{"start":{"line":28,"column":23},"end":{"line":28,"column":48}},"16":{"start":{"line":29,"column":23},"end":{"line":29,"column":48}},"17":{"start":{"line":31,"column":16},"end":{"line":31,"column":60}},"18":{"start":{"line":32,"column":16},"end":{"line":32,"column":60}},"19":{"start":{"line":34,"column":15},"end":{"line":34,"column":38}},"20":{"start":{"line":35,"column":17},"end":{"line":35,"column":41}},"21":{"start":{"line":36,"column":2},"end":{"line":36,"column":16}}},"fnMap":{"0":{"name":"(anonymous_0)","decl":{"start":{"line":7,"column":25},"end":{"line":7,"column":26}},"loc":{"start":{"line":7,"column":43},"end":{"line":25,"column":1}},"line":7},"1":{"name":"(anonymous_1)","decl":{"start":{"line":27,"column":17},"end":{"line":27,"column":18}},"loc":{"start":{"line":27,"column":51},"end":{"line":37,"column":1}},"line":27}},"branchMap":{"0":{"loc":{"start":{"line":13,"column":4},"end":{"line":21,"column":5}},"type":"if","locations":[{"start":{"line":13,"column":4},"end":{"line":21,"column":5}},{"start":{"line":15,"column":11},"end":{"line":21,"column":5}}],"line":13},"1":{"loc":{"start":{"line":15,"column":11},"end":{"line":21,"column":5}},"type":"if","locations":[{"start":{"line":15,"column":11},"end":{"line":21,"column":5}},{"start":{"line":17,"column":11},"end":{"line":21,"column":5}}],"line":15},"2":{"loc":{"start":{"line":17,"column":11},"end":{"line":21,"column":5}},"type":"if","locations":[{"start":{"line":17,"column":11},"end":{"line":21,"column":5}},{"start":{"line":19,"column":11},"end":{"line":21,"column":5}}],"line":17}},"s":{"0":1,"1":3,"2":3,"3":3,"4":3,"5":3,"6":14,"7":3,"8":11,"9":5,"10":6,"11":4,"12":2,"13":3,"14":1,"15":3,"16":3,"17":3,"18":3,"19":3,"20":3,"21":3},"f":{"0":3,"1":3},"b":{"0":[3,11],"1":[5,6],"2":[4,2]},"inputSourceMap":null,"_coverageSchema":"1a1c01bbd47fc00a2c39e90264f33305004495a9","hash":"f55f191ef75168a2d992da8533fbd6389246bb8c"}
,"/Volumes/Data/Dev_Projects/Hexlet/gendiff/frontend-project-lvl2/src/parsers.js": {"path":"/Volumes/Data/Dev_Projects/Hexlet/gendiff/frontend-project-lvl2/src/parsers.js","statementMap":{"0":{"start":{"line":3,"column":21},"end":{"line":10,"column":1}},"1":{"start":{"line":4,"column":4},"end":{"line":8,"column":5}},"2":{"start":{"line":5,"column":8},"end":{"line":5,"column":35}},"3":{"start":{"line":6,"column":11},"end":{"line":8,"column":5}},"4":{"start":{"line":7,"column":8},"end":{"line":7,"column":38}},"5":{"start":{"line":9,"column":4},"end":{"line":9,"column":55}}},"fnMap":{"0":{"name":"(anonymous_0)","decl":{"start":{"line":3,"column":21},"end":{"line":3,"column":22}},"loc":{"start":{"line":3,"column":42},"end":{"line":10,"column":1}},"line":3}},"branchMap":{"0":{"loc":{"start":{"line":4,"column":4},"end":{"line":8,"column":5}},"type":"if","locations":[{"start":{"line":4,"column":4},"end":{"line":8,"column":5}},{"start":{"line":6,"column":11},"end":{"line":8,"column":5}}],"line":4},"1":{"loc":{"start":{"line":6,"column":11},"end":{"line":8,"column":5}},"type":"if","locations":[{"start":{"line":6,"column":11},"end":{"line":8,"column":5}},{"start":{},"end":{}}],"line":6},"2":{"loc":{"start":{"line":6,"column":15},"end":{"line":6,"column":54}},"type":"binary-expr","locations":[{"start":{"line":6,"column":15},"end":{"line":6,"column":32}},{"start":{"line":6,"column":36},"end":{"line":6,"column":54}}],"line":6}},"s":{"0":1,"1":6,"2":4,"3":2,"4":2,"5":0},"f":{"0":6},"b":{"0":[4,2],"1":[2,0],"2":[2,2]},"inputSourceMap":null,"_coverageSchema":"1a1c01bbd47fc00a2c39e90264f33305004495a9","hash":"a9225e1c3940076fdd37d7baceb8e245e9e87bd9"}
,"/Volumes/Data/Dev_Projects/Hexlet/gendiff/frontend-project-lvl2/src/formatter/stylish.js": {"path":"/Volumes/Data/Dev_Projects/Hexlet/gendiff/frontend-project-lvl2/src/formatter/stylish.js","statementMap":{"0":{"start":{"line":3,"column":20},"end":{"line":3,"column":21}},"1":{"start":{"line":4,"column":17},"end":{"line":4,"column":20}},"2":{"start":{"line":6,"column":26},"end":{"line":33,"column":1}},"3":{"start":{"line":7,"column":17},"end":{"line":30,"column":7}},"4":{"start":{"line":8,"column":8},"end":{"line":10,"column":9}},"5":{"start":{"line":9,"column":10},"end":{"line":9,"column":35}},"6":{"start":{"line":11,"column":27},"end":{"line":11,"column":46}},"7":{"start":{"line":12,"column":30},"end":{"line":12,"column":57}},"8":{"start":{"line":13,"column":30},"end":{"line":13,"column":71}},"9":{"start":{"line":14,"column":22},"end":{"line":24,"column":12}},"10":{"start":{"line":17,"column":12},"end":{"line":22,"column":13}},"11":{"start":{"line":18,"column":14},"end":{"line":21,"column":16}},"12":{"start":{"line":23,"column":12},"end":{"line":23,"column":98}},"13":{"start":{"line":25,"column":8},"end":{"line":29,"column":21}},"14":{"start":{"line":32,"column":6},"end":{"line":32,"column":27}},"15":{"start":{"line":35,"column":18},"end":{"line":48,"column":1}},"16":{"start":{"line":36,"column":2},"end":{"line":47,"column":3}},"17":{"start":{"line":38,"column":6},"end":{"line":38,"column":17}},"18":{"start":{"line":40,"column":6},"end":{"line":40,"column":17}},"19":{"start":{"line":42,"column":6},"end":{"line":42,"column":16}},"20":{"start":{"line":44,"column":6},"end":{"line":44,"column":17}},"21":{"start":{"line":46,"column":6},"end":{"line":46,"column":16}}},"fnMap":{"0":{"name":"(anonymous_0)","decl":{"start":{"line":6,"column":26},"end":{"line":6,"column":27}},"loc":{"start":{"line":6,"column":36},"end":{"line":33,"column":1}},"line":6},"1":{"name":"(anonymous_1)","decl":{"start":{"line":7,"column":17},"end":{"line":7,"column":18}},"loc":{"start":{"line":7,"column":42},"end":{"line":30,"column":7}},"line":7},"2":{"name":"(anonymous_2)","decl":{"start":{"line":16,"column":19},"end":{"line":16,"column":20}},"loc":{"start":{"line":16,"column":35},"end":{"line":24,"column":11}},"line":16},"3":{"name":"(anonymous_3)","decl":{"start":{"line":35,"column":18},"end":{"line":35,"column":19}},"loc":{"start":{"line":35,"column":28},"end":{"line":48,"column":1}},"line":35}},"branchMap":{"0":{"loc":{"start":{"line":8,"column":8},"end":{"line":10,"column":9}},"type":"if","locations":[{"start":{"line":8,"column":8},"end":{"line":10,"column":9}},{"start":{},"end":{}}],"line":8},"1":{"loc":{"start":{"line":17,"column":12},"end":{"line":22,"column":13}},"type":"if","locations":[{"start":{"line":17,"column":12},"end":{"line":22,"column":13}},{"start":{},"end":{}}],"line":17},"2":{"loc":{"start":{"line":36,"column":2},"end":{"line":47,"column":3}},"type":"switch","locations":[{"start":{"line":37,"column":4},"end":{"line":38,"column":17}},{"start":{"line":39,"column":4},"end":{"line":40,"column":17}},{"start":{"line":41,"column":4},"end":{"line":42,"column":16}},{"start":{"line":43,"column":4},"end":{"line":44,"column":17}},{"start":{"line":45,"column":4},"end":{"line":46,"column":16}}],"line":36}},"s":{"0":1,"1":1,"2":1,"3":3,"4":17,"5":12,"6":5,"7":5,"8":5,"9":5,"10":18,"11":4,"12":14,"13":5,"14":3,"15":1,"16":14,"17":3,"18":5,"19":0,"20":2,"21":4},"f":{"0":3,"1":17,"2":18,"3":14},"b":{"0":[12,5],"1":[4,14],"2":[3,5,0,2,4]},"inputSourceMap":null,"_coverageSchema":"1a1c01bbd47fc00a2c39e90264f33305004495a9","hash":"448fda4d0926e7aea9d716f58953b7df3db231ac"}
}
