{"/Volumes/Data/Dev_Projects/Hexlet/gendiff/frontend-project-lvl2/src/get-file-content.js": {"path":"/Volumes/Data/Dev_Projects/Hexlet/gendiff/frontend-project-lvl2/src/get-file-content.js","statementMap":{"0":{"start":{"line":4,"column":30},"end":{"line":11,"column":1}},"1":{"start":{"line":5,"column":4},"end":{"line":10,"column":5}},"2":{"start":{"line":6,"column":8},"end":{"line":6,"column":58}},"3":{"start":{"line":8,"column":8},"end":{"line":8,"column":27}},"4":{"start":{"line":9,"column":8},"end":{"line":9,"column":54}}},"fnMap":{"0":{"name":"(anonymous_0)","decl":{"start":{"line":4,"column":30},"end":{"line":4,"column":31}},"loc":{"start":{"line":4,"column":44},"end":{"line":11,"column":1}},"line":4}},"branchMap":{},"s":{"0":1,"1":6,"2":6,"3":0,"4":0},"f":{"0":6},"b":{},"inputSourceMap":null,"_coverageSchema":"1a1c01bbd47fc00a2c39e90264f33305004495a9","hash":"01eca57bca1f3ca6f8de73e508c8d841ede3d92e"}
,"/Volumes/Data/Dev_Projects/Hexlet/gendiff/frontend-project-lvl2/src/index.js": {"path":"/Volumes/Data/Dev_Projects/Hexlet/gendiff/frontend-project-lvl2/src/index.js","statementMap":{"0":{"start":{"line":7,"column":25},"end":{"line":32,"column":1}},"1":{"start":{"line":8,"column":16},"end":{"line":8,"column":34}},"2":{"start":{"line":9,"column":16},"end":{"line":9,"column":34}},"3":{"start":{"line":10,"column":15},"end":{"line":10,"column":46}},"4":{"start":{"line":11,"column":17},"end":{"line":11,"column":19}},"5":{"start":{"line":12,"column":2},"end":{"line":29,"column":3}},"6":{"start":{"line":13,"column":4},"end":{"line":28,"column":5}},"7":{"start":{"line":14,"column":6},"end":{"line":14,"column":52}},"8":{"start":{"line":15,"column":7},"end":{"line":15,"column":80}},"9":{"start":{"line":16,"column":11},"end":{"line":28,"column":5}},"10":{"start":{"line":17,"column":6},"end":{"line":17,"column":39}},"11":{"start":{"line":18,"column":6},"end":{"line":18,"column":55}},"12":{"start":{"line":19,"column":11},"end":{"line":28,"column":5}},"13":{"start":{"line":20,"column":6},"end":{"line":20,"column":41}},"14":{"start":{"line":21,"column":6},"end":{"line":21,"column":58}},"15":{"start":{"line":22,"column":11},"end":{"line":28,"column":5}},"16":{"start":{"line":23,"column":6},"end":{"line":23,"column":53}},"17":{"start":{"line":24,"column":6},"end":{"line":24,"column":71}},"18":{"start":{"line":26,"column":6},"end":{"line":26,"column":43}},"19":{"start":{"line":27,"column":6},"end":{"line":27,"column":59}},"20":{"start":{"line":31,"column":2},"end":{"line":31,"column":16}},"21":{"start":{"line":34,"column":17},"end":{"line":44,"column":1}},"22":{"start":{"line":35,"column":23},"end":{"line":35,"column":48}},"23":{"start":{"line":36,"column":23},"end":{"line":36,"column":48}},"24":{"start":{"line":38,"column":16},"end":{"line":38,"column":60}},"25":{"start":{"line":39,"column":16},"end":{"line":39,"column":60}},"26":{"start":{"line":41,"column":15},"end":{"line":41,"column":38}},"27":{"start":{"line":42,"column":17},"end":{"line":42,"column":48}},"28":{"start":{"line":43,"column":2},"end":{"line":43,"column":16}}},"fnMap":{"0":{"name":"(anonymous_0)","decl":{"start":{"line":7,"column":25},"end":{"line":7,"column":26}},"loc":{"start":{"line":7,"column":43},"end":{"line":32,"column":1}},"line":7},"1":{"name":"(anonymous_1)","decl":{"start":{"line":34,"column":17},"end":{"line":34,"column":18}},"loc":{"start":{"line":34,"column":51},"end":{"line":44,"column":1}},"line":34}},"branchMap":{"0":{"loc":{"start":{"line":13,"column":4},"end":{"line":28,"column":5}},"type":"if","locations":[{"start":{"line":13,"column":4},"end":{"line":28,"column":5}},{"start":{"line":16,"column":11},"end":{"line":28,"column":5}}],"line":13},"1":{"loc":{"start":{"line":13,"column":8},"end":{"line":13,"column":66}},"type":"binary-expr","locations":[{"start":{"line":13,"column":8},"end":{"line":13,"column":35}},{"start":{"line":13,"column":39},"end":{"line":13,"column":66}}],"line":13},"2":{"loc":{"start":{"line":16,"column":11},"end":{"line":28,"column":5}},"type":"if","locations":[{"start":{"line":16,"column":11},"end":{"line":28,"column":5}},{"start":{"line":19,"column":11},"end":{"line":28,"column":5}}],"line":16},"3":{"loc":{"start":{"line":19,"column":11},"end":{"line":28,"column":5}},"type":"if","locations":[{"start":{"line":19,"column":11},"end":{"line":28,"column":5}},{"start":{"line":22,"column":11},"end":{"line":28,"column":5}}],"line":19},"4":{"loc":{"start":{"line":22,"column":11},"end":{"line":28,"column":5}},"type":"if","locations":[{"start":{"line":22,"column":11},"end":{"line":28,"column":5}},{"start":{"line":25,"column":11},"end":{"line":28,"column":5}}],"line":22}},"s":{"0":1,"1":7,"2":7,"3":7,"4":7,"5":7,"6":28,"7":4,"8":4,"9":24,"10":7,"11":7,"12":17,"13":6,"14":6,"15":11,"16":6,"17":6,"18":5,"19":5,"20":7,"21":1,"22":3,"23":3,"24":3,"25":3,"26":3,"27":3,"28":3},"f":{"0":7,"1":3},"b":{"0":[4,24],"1":[28,6],"2":[7,17],"3":[6,11],"4":[6,5]},"inputSourceMap":null,"_coverageSchema":"1a1c01bbd47fc00a2c39e90264f33305004495a9","hash":"3b0a99ed3c3fc8b2982575ac860660a3a08e3186"}
,"/Volumes/Data/Dev_Projects/Hexlet/gendiff/frontend-project-lvl2/src/parsers.js": {"path":"/Volumes/Data/Dev_Projects/Hexlet/gendiff/frontend-project-lvl2/src/parsers.js","statementMap":{"0":{"start":{"line":3,"column":21},"end":{"line":10,"column":1}},"1":{"start":{"line":4,"column":4},"end":{"line":8,"column":5}},"2":{"start":{"line":5,"column":8},"end":{"line":5,"column":35}},"3":{"start":{"line":6,"column":11},"end":{"line":8,"column":5}},"4":{"start":{"line":7,"column":8},"end":{"line":7,"column":38}},"5":{"start":{"line":9,"column":4},"end":{"line":9,"column":55}}},"fnMap":{"0":{"name":"(anonymous_0)","decl":{"start":{"line":3,"column":21},"end":{"line":3,"column":22}},"loc":{"start":{"line":3,"column":42},"end":{"line":10,"column":1}},"line":3}},"branchMap":{"0":{"loc":{"start":{"line":4,"column":4},"end":{"line":8,"column":5}},"type":"if","locations":[{"start":{"line":4,"column":4},"end":{"line":8,"column":5}},{"start":{"line":6,"column":11},"end":{"line":8,"column":5}}],"line":4},"1":{"loc":{"start":{"line":6,"column":11},"end":{"line":8,"column":5}},"type":"if","locations":[{"start":{"line":6,"column":11},"end":{"line":8,"column":5}},{"start":{},"end":{}}],"line":6},"2":{"loc":{"start":{"line":6,"column":15},"end":{"line":6,"column":54}},"type":"binary-expr","locations":[{"start":{"line":6,"column":15},"end":{"line":6,"column":32}},{"start":{"line":6,"column":36},"end":{"line":6,"column":54}}],"line":6}},"s":{"0":1,"1":6,"2":4,"3":2,"4":2,"5":0},"f":{"0":6},"b":{"0":[4,2],"1":[2,0],"2":[2,2]},"inputSourceMap":null,"_coverageSchema":"1a1c01bbd47fc00a2c39e90264f33305004495a9","hash":"a9225e1c3940076fdd37d7baceb8e245e9e87bd9"}
,"/Volumes/Data/Dev_Projects/Hexlet/gendiff/frontend-project-lvl2/src/formatter/stylish.js": {"path":"/Volumes/Data/Dev_Projects/Hexlet/gendiff/frontend-project-lvl2/src/formatter/stylish.js","statementMap":{"0":{"start":{"line":3,"column":20},"end":{"line":3,"column":21}},"1":{"start":{"line":4,"column":17},"end":{"line":4,"column":20}},"2":{"start":{"line":6,"column":33},"end":{"line":42,"column":1}},"3":{"start":{"line":7,"column":17},"end":{"line":39,"column":7}},"4":{"start":{"line":8,"column":8},"end":{"line":10,"column":9}},"5":{"start":{"line":9,"column":10},"end":{"line":9,"column":35}},"6":{"start":{"line":11,"column":27},"end":{"line":11,"column":46}},"7":{"start":{"line":12,"column":30},"end":{"line":12,"column":57}},"8":{"start":{"line":13,"column":30},"end":{"line":13,"column":71}},"9":{"start":{"line":14,"column":22},"end":{"line":33,"column":12}},"10":{"start":{"line":17,"column":12},"end":{"line":31,"column":13}},"11":{"start":{"line":18,"column":16},"end":{"line":18,"column":81}},"12":{"start":{"line":20,"column":17},"end":{"line":31,"column":13}},"13":{"start":{"line":21,"column":20},"end":{"line":21,"column":68}},"14":{"start":{"line":23,"column":17},"end":{"line":31,"column":13}},"15":{"start":{"line":24,"column":16},"end":{"line":24,"column":64}},"16":{"start":{"line":26,"column":17},"end":{"line":31,"column":13}},"17":{"start":{"line":27,"column":16},"end":{"line":30,"column":18}},"18":{"start":{"line":32,"column":12},"end":{"line":32,"column":60}},"19":{"start":{"line":34,"column":8},"end":{"line":38,"column":21}},"20":{"start":{"line":41,"column":6},"end":{"line":41,"column":27}}},"fnMap":{"0":{"name":"(anonymous_0)","decl":{"start":{"line":6,"column":33},"end":{"line":6,"column":34}},"loc":{"start":{"line":6,"column":43},"end":{"line":42,"column":1}},"line":6},"1":{"name":"(anonymous_1)","decl":{"start":{"line":7,"column":17},"end":{"line":7,"column":18}},"loc":{"start":{"line":7,"column":42},"end":{"line":39,"column":7}},"line":7},"2":{"name":"(anonymous_2)","decl":{"start":{"line":16,"column":19},"end":{"line":16,"column":20}},"loc":{"start":{"line":16,"column":35},"end":{"line":33,"column":11}},"line":16}},"branchMap":{"0":{"loc":{"start":{"line":8,"column":8},"end":{"line":10,"column":9}},"type":"if","locations":[{"start":{"line":8,"column":8},"end":{"line":10,"column":9}},{"start":{},"end":{}}],"line":8},"1":{"loc":{"start":{"line":17,"column":12},"end":{"line":31,"column":13}},"type":"if","locations":[{"start":{"line":17,"column":12},"end":{"line":31,"column":13}},{"start":{"line":20,"column":17},"end":{"line":31,"column":13}}],"line":17},"2":{"loc":{"start":{"line":20,"column":17},"end":{"line":31,"column":13}},"type":"if","locations":[{"start":{"line":20,"column":17},"end":{"line":31,"column":13}},{"start":{"line":23,"column":17},"end":{"line":31,"column":13}}],"line":20},"3":{"loc":{"start":{"line":23,"column":17},"end":{"line":31,"column":13}},"type":"if","locations":[{"start":{"line":23,"column":17},"end":{"line":31,"column":13}},{"start":{"line":26,"column":17},"end":{"line":31,"column":13}}],"line":23},"4":{"loc":{"start":{"line":26,"column":17},"end":{"line":31,"column":13}},"type":"if","locations":[{"start":{"line":26,"column":17},"end":{"line":31,"column":13}},{"start":{},"end":{}}],"line":26}},"s":{"0":1,"1":1,"2":1,"3":3,"4":7,"5":0,"6":7,"7":7,"8":7,"9":7,"10":28,"11":4,"12":24,"13":7,"14":17,"15":6,"16":11,"17":6,"18":5,"19":7,"20":3},"f":{"0":3,"1":7,"2":28},"b":{"0":[0,7],"1":[4,24],"2":[7,17],"3":[6,11],"4":[6,5]},"inputSourceMap":null,"_coverageSchema":"1a1c01bbd47fc00a2c39e90264f33305004495a9","hash":"1ca4a34b1ee40c0f5fe847d2f5ce1b56b897a9e2"}
}
