TN:
SF:src/get-file-content.js
FN:4,(anonymous_0)
FNF:1
FNH:1
FNDA:4,(anonymous_0)
DA:4,1
DA:5,4
DA:6,4
DA:8,0
DA:9,0
LF:5
LH:3
BRF:0
BRH:0
end_of_record
TN:
SF:src/index.js
FN:6,(anonymous_0)
FN:29,(anonymous_1)
FN:30,(anonymous_2)
FN:39,(anonymous_3)
FN:58,(anonymous_4)
FN:73,(anonymous_5)
FNF:6
FNH:6
FNDA:2,(anonymous_0)
FNDA:2,(anonymous_1)
FNDA:10,(anonymous_2)
FNDA:10,(anonymous_3)
FNDA:8,(anonymous_4)
FNDA:2,(anonymous_5)
DA:6,1
DA:7,2
DA:8,2
DA:9,2
DA:10,2
DA:11,2
DA:12,10
DA:13,2
DA:14,8
DA:15,4
DA:16,4
DA:17,2
DA:19,2
DA:23,2
DA:26,1
DA:27,1
DA:29,1
DA:30,2
DA:31,10
DA:32,8
DA:34,2
DA:35,2
DA:36,2
DA:37,2
DA:40,10
DA:41,2
DA:46,8
DA:48,2
DA:55,2
DA:58,1
DA:59,8
DA:61,2
DA:63,4
DA:65,0
DA:67,2
DA:69,0
DA:73,1
DA:74,2
DA:75,2
DA:77,2
DA:78,2
DA:80,2
DA:81,2
DA:82,2
LF:44
LH:42
BRDA:12,0,0,2
BRDA:12,0,1,8
BRDA:14,1,0,4
BRDA:14,1,1,4
BRDA:16,2,0,2
BRDA:16,2,1,2
BRDA:31,3,0,8
BRDA:31,3,1,2
BRDA:40,4,0,2
BRDA:40,4,1,8
BRDA:59,5,0,2
BRDA:59,5,1,4
BRDA:59,5,2,0
BRDA:59,5,3,2
BRDA:59,5,4,0
BRF:15
BRH:13
end_of_record
TN:
SF:src/parsers.js
FN:3,(anonymous_0)
FNF:1
FNH:1
FNDA:6,(anonymous_0)
DA:3,1
DA:4,6
DA:5,4
DA:6,2
DA:7,0
DA:9,2
LF:6
LH:5
BRDA:4,0,0,4
BRDA:4,0,1,2
BRDA:6,1,0,0
BRDA:6,1,1,2
BRDA:6,2,0,2
BRDA:6,2,1,2
BRF:6
BRH:5
end_of_record
