TN:
SF:src/get-file-content.js
FN:4,(anonymous_0)
FNF:1
FNH:1
FNDA:6,(anonymous_0)
DA:4,1
DA:5,6
DA:6,6
DA:8,0
DA:9,0
LF:5
LH:3
BRF:0
BRH:0
end_of_record
TN:
SF:src/index.js
FN:7,(anonymous_0)
FN:29,(anonymous_1)
FNF:2
FNH:2
FNDA:3,(anonymous_0)
FNDA:3,(anonymous_1)
DA:7,1
DA:8,3
DA:9,3
DA:10,3
DA:11,3
DA:12,3
DA:13,14
DA:14,3
DA:15,11
DA:16,5
DA:17,6
DA:18,4
DA:19,2
DA:20,0
DA:22,2
DA:26,3
DA:29,1
DA:30,3
DA:31,3
DA:33,3
DA:34,3
DA:36,3
DA:37,3
DA:38,3
LF:24
LH:23
BRDA:13,0,0,3
BRDA:13,0,1,11
BRDA:15,1,0,5
BRDA:15,1,1,6
BRDA:17,2,0,4
BRDA:17,2,1,2
BRDA:19,3,0,0
BRDA:19,3,1,2
BRDA:19,4,0,2
BRDA:19,4,1,0
BRF:10
BRH:8
end_of_record
TN:
SF:src/parsers.js
FN:3,(anonymous_0)
FNF:1
FNH:1
FNDA:6,(anonymous_0)
DA:3,1
DA:4,6
DA:5,4
DA:6,2
DA:7,2
DA:9,0
LF:6
LH:5
BRDA:4,0,0,4
BRDA:4,0,1,2
BRDA:6,1,0,2
BRDA:6,1,1,0
BRDA:6,2,0,2
BRDA:6,2,1,2
BRF:6
BRH:5
end_of_record
TN:
SF:src/formatter/stylish.js
FN:6,(anonymous_0)
FN:7,(anonymous_1)
FN:16,(anonymous_2)
FNF:3
FNH:3
FNDA:3,(anonymous_0)
FNDA:3,(anonymous_1)
FNDA:14,(anonymous_2)
DA:3,1
DA:4,1
DA:6,1
DA:7,3
DA:8,3
DA:9,0
DA:11,3
DA:12,3
DA:13,3
DA:14,3
DA:17,14
DA:18,4
DA:23,10
DA:24,3
DA:26,7
DA:27,5
DA:29,2
DA:30,0
DA:32,2
DA:34,3
DA:41,3
LF:21
LH:19
BRDA:8,0,0,0
BRDA:8,0,1,3
BRDA:17,1,0,4
BRDA:17,1,1,10
BRDA:23,2,0,3
BRDA:23,2,1,7
BRDA:26,3,0,5
BRDA:26,3,1,2
BRDA:29,4,0,0
BRDA:29,4,1,2
BRF:10
BRH:8
end_of_record
